C51 COMPILER V9.56.0.0   MAIN                                                              01/22/2018 23:04:13 PAGE 1   


C51 COMPILER V9.56.0.0, COMPILATION OF MODULE MAIN
OBJECT MODULE PLACED IN main.OBJ
COMPILER INVOKED BY: D:\program files\keill\C51\BIN\C51.EXE main.c LARGE OPTIMIZE(8,SPEED) BROWSE DEBUG OBJECTEXTEND TAB
                    -S(2)

line level    source

   1          /*!
   2            @author Michal Wróblewski
   3            @file main.c
   4            @date 17-10-2017
   5            @brief glowny plik
   6          */
   7          
   8          
   9          #include "main.h"
  10          
  11          /*!
  12          UWAGA, PARAMETRY KOMUNIKACJI:
  13          -BAUDRATE 19200
  14          -wykorzystywany port: COM8(polaczony z COM9 -> qt)
  15          -8bitów, 1 bit stopu, parity:none (patrz plik init)
  16          */
  17          
  18          //!Zmienne globalne wykorzystywane do komunikacji UART
  19          
  20          
  21          int UART_counter; //!< licznik danych UART'a
  22          char UART_buff[50]; //!< tablica danych od UART'a
  23          int keypad_values[12]; //!< wartosci czestotliwosci odpowiadajace klaiwszom
  24          int reply = 0; //!< zmianna odpowiedzialna za zadanie odpowiedzi konfiguracji
  25          char previous = 'a'; //!< zmienna do piosenek - nie zaimplementowano
  26          int stan0 = 1; //!< stan od set/reset zmiennej 'record' - piosenki nie zaimplementowano
  27          int stan1 = 1; //!< stan od set/reset zmiennej 'allow_playing' - piosenki nie zaimplementowano
  28          int record =0; //!< zmienna zezwalajaca na 'nagrywanie' 
  29          int allow_playing = 0; //!< zmienna zezwalajaca na odtwarzanie
  30          
  31          /*!
  32          \brief int main(void)
  33          
  34          
  35          glowna funkcja programu,
  36          inicjalizacja calej konfiguracji,
  37          set/reset stanow,
  38          obsluga klawiatury,
  39          generowanie dzwiekow
  40          */
  41          int main(void)
  42          {
  43   1        SetBit(CFG831, 0); //XRAM
  44   1      
  45   1        //wlaczenie przerwan
  46   1        ES = 1; //przerwanie UART
  47   1        EA = 1; //przerwanie globalne
  48   1        EADC = 1; //adc przerwanie
  49   1        ET0=1; //timer0
  50   1        ET1 = 1; //timer1
  51   1      
  52   1        
  53   1        //baudrate 19200 przy uzyciu timera 2
  54   1        SCON = 0x50;
C51 COMPILER V9.56.0.0   MAIN                                                              01/22/2018 23:04:13 PAGE 2   

  55   1        T3CON = 0x84;
  56   1        T3FD = 0x08;
  57   1          
  58   1        
  59   1        
  60   1        //seting timer 0 and timer 1
  61   1        //! mode 1 
  62   1        T0_16;
*** WARNING C275 IN LINE 62 OF main.c: expression with possibly no effect
  63   1        T1_16;
*** WARNING C275 IN LINE 63 OF main.c: expression with possibly no effect
  64   1        // initing timer 
  65   1        timer0_interrupt(2000);
  66   1        
  67   1        //! turning on timer 0
  68   1        T0_RUN; 
  69   1        klaw_init();
  70   1        
  71   1        
  72   1        ADCCON1 = 0xA4; //Konfigruracja ADC: MD1=1; EXT_REF=0; CKx=0x10; AQx=0x01; T2C=0; EXC=0;
  73   1        ADCCON2 = (ADCCON2 & 0x0F) | 0x03; //Wybor kanalu trzeciego jako kanal na ktorym bedzie mierzone napiecie
  74   1        
  75   1        
  76   1          while(1)
  77   1          {     
  78   2            //odpowiedz po UARCIE, przeyslamy konfiguarcje przyciskow
  79   2            if(reply)
  80   2            {
  81   3              UART_send_cfg();
  82   3              reply = 0;
  83   3            }
  84   2            
  85   2            //odczyt klawiatury
  86   2            klawiatura_znak();
  87   2            
  88   2            //cos kliknieta, liczymy czas ile bylo klikniete timerem 1
  89   2            /*
  90   2            if(previous == 'a' && character != 'a' && record)
  91   2            {
  92   2              //send_record(previous);        
  93   2            }
  94   2            
  95   2            //puszczono przycisk konczymy liczenie
  96   2            if(character == 'a' && previous != 'a' && record)
  97   2            {
  98   2              //send_record(character);   
  99   2            }
 100   2            */
 101   2            
 102   2            
 103   2            //USTAWAWIANIE ZEZWOLENIA NA NAGRYWANIE
 104   2            if(stan0 == 8 && KEY_DOWN(PR1))
 105   2            {
 106   3              if(record)
 107   3              {
 108   4                record = 0;
 109   4                LedOff(LED_D5);
 110   4                //T1_STOP;
 111   4              }
 112   3              else
 113   3              {
 114   4                record = 1;
C51 COMPILER V9.56.0.0   MAIN                                                              01/22/2018 23:04:13 PAGE 3   

 115   4                LedOn(LED_D5);
 116   4                //T1_ustaw_czas_ms(1000);
 117   4                //T1_RUN;     
 118   4            }
 119   3            }
 120   2      
 121   2            //USTAWAWIANIE ZEZWOLENIA NA ODTWARZANIE
 122   2            if(stan1 == 16 && KEY_DOWN(PR2))
 123   2            {
 124   3              if(allow_playing)
 125   3              {
 126   4                allow_playing = 0;
 127   4                LedOff(LED_D9);
 128   4              }
 129   3              else
 130   3              {
 131   4                allow_playing = 1;
 132   4                LedOn(LED_D9);
 133   4              }     
 134   3            }
 135   2            
 136   2            stan0 = KEY_UP(PR1);
 137   2            stan1 = KEY_UP(PR2);
 138   2                  
 139   2            //zmiana PWM'a - odpowdnik zmiant tonu
 140   2            tone(character,potencjometr);
 141   2          }
 142   1      }
 143          
 144          


MODULE INFORMATION:   STATIC OVERLAYABLE
   CODE SIZE        =    224    ----
   CONSTANT SIZE    =   ----    ----
   XDATA SIZE       =     87    ----
   PDATA SIZE       =   ----    ----
   DATA SIZE        =   ----    ----
   IDATA SIZE       =   ----    ----
   BIT SIZE         =   ----    ----
END OF MODULE INFORMATION.


C51 COMPILATION COMPLETE.  2 WARNING(S),  0 ERROR(S)
